actionid=pygame2-py27
msg=getenv
cmdargs=[local('C:\\Users\\Leif\\PyCharmProjects\\pygame\\.tox\\pygame2-py27\\Scripts\\pip.EXE'), 'install', '--pre', '-rrequirements.txt']
env={'TMP': 'C:\\Users\\Leif\\AppData\\Local\\Temp', 'OPEN_NI_BIN64': 'C:\\Program Files\\OpenNI\\Bin64', 'COMPUTERNAME': 'MICROSERVER01', 'USERDOMAIN': 'MICROSERVER01', 'ANDROID_NDK_PATH': 'C:\\Users\\Leif\\Documents\\Android\\ndk\\android-ndk-r8d', 'PYTHONHASHSEED': '448', 'PSMODULEPATH': 'C:\\Windows\\system32\\WindowsPowerShell\\v1.0\\Modules\\', 'COMMONPROGRAMFILES': 'C:\\Program Files (x86)\\Common Files', 'PROCESSOR_IDENTIFIER': 'Intel64 Family 6 Model 58 Stepping 9, GenuineIntel', 'PROGRAMFILES': 'C:\\Program Files (x86)', 'PROCESSOR_REVISION': '3a09', 'PATH': 'C:\\Users\\Leif\\PyCharmProjects\\pygame\\.tox\\pygame2-py27\\Scripts;C:\\ProgramData\\Oracle\\Java\\javapath;C:\\Python34\\;C:\\Python34\\Scripts\\;C:\\Python27\\;C:\\Python27\\Scripts\\;C:\\Program Files (x86)\\Profactor\\ReconstructMeSDK\\2.1.845\\bin;C:\\Program Files (x86)\\Common Files\\Intel\\OpenCL\\bin\\x64;C:\\Program Files (x86)\\Common Files\\Intel\\OpenCL\\bin\\x86;C:\\Windows\\system32;C:\\Windows;C:\\Windows\\System32\\Wbem;C:\\Windows\\System32\\WindowsPowerShell\\v1.0\\;C:\\Program Files\\Microsoft SQL Server\\110\\Tools\\Binn\\;C:\\Program Files\\OpenNI\\Bin64;C:\\Program Files (x86)\\OpenNI\\Bin;C:\\Program Files\\PrimeSense\\NITE\\bin64;C:\\Program Files (x86)\\PrimeSense\\NITE\\bin;C:\\Program Files (x86)\\Git\\cmd;C:\\Program Files (x86)\\GtkSharp\\2.12\\bin;C:\\Program Files (x86)\\Microsoft SDKs\\TypeScript\\1.0\\', 'SYSTEMROOT': 'C:\\Windows', 'OPENNI2_REDIST64': 'C:\\Program Files\\OpenNI2\\Redist\\', 'PROGRAMFILES(X86)': 'C:\\Program Files (x86)', 'OPEN_NI_INSTALL_PATH': 'C:\\Program Files (x86)\\OpenNI\\', 'VIRTUAL_ENV': 'C:\\Users\\Leif\\PyCharmProjects\\pygame\\.tox\\pygame2-py27', 'KMP_DUPLICATE_LIB_OK': 'TRUE', 'TEMP': 'C:\\Users\\Leif\\AppData\\Local\\Temp', 'ILLDIR': 'C:\\Program Files (x86)\\Common Files\\Autodesk Shared\\Materials\\', 'COMMONPROGRAMFILES(X86)': 'C:\\Program Files (x86)\\Common Files', 'XN_NITE_INSTALL_PATH': 'C:\\Program Files (x86)\\PrimeSense\\NITE\\', 'PROCESSOR_ARCHITECTURE': 'x86', 'PATHEXT': '.COM;.EXE;.BAT;.CMD;.VBS;.VBE;.JS;.JSE;.WSF;.WSH;.MSC;.PY', 'OPEN_NI_LIB': 'C:\\Program Files (x86)\\OpenNI\\Lib', 'RECONSTRUCTMESDK_DIR': 'C:\\Program Files (x86)\\Profactor\\ReconstructMeSDK\\2.1.845\\', 'ALLUSERSPROFILE': 'C:\\ProgramData', 'USERPROFILE': 'C:\\Users\\Leif', 'LOCALAPPDATA': 'C:\\Users\\Leif\\AppData\\Local', 'OPEN_NI_LIB64': 'C:\\Program Files\\OpenNI\\Lib64', 'HOMEPATH': '\\Users\\Leif', 'USERDOMAIN_ROAMINGPROFILE': 'MICROSERVER01', 'VS120COMNTOOLS': 'C:\\Program Files (x86)\\Microsoft Visual Studio 12.0\\Common7\\Tools\\', 'CM2015DIR': 'C:\\Program Files (x86)\\Common Files\\Autodesk Shared\\Materials\\', 'PROGRAMW6432': 'C:\\Program Files', 'USERNAME': 'Leif', 'OPEN_NI_BIN': 'C:\\Program Files (x86)\\OpenNI\\Bin', 'OPEN_NI_INCLUDE': 'C:\\Program Files (x86)\\OpenNI\\Include', 'LOGONSERVER': '\\\\MicrosoftAccount', 'PROMPT': '$P$G', 'COMSPEC': 'C:\\Windows\\system32\\cmd.exe', 'PROGRAMDATA': 'C:\\ProgramData', 'OS': 'Windows_NT', 'CLASSPATH': 'C:\\Program Files\\OpenNI\\Bin64\\org.OpenNI.jar;C:\\Program Files (x86)\\OpenNI\\Bin\\org.OpenNI.jar', 'SESSIONNAME': 'Console', 'OPENNI2_INCLUDE64': 'C:\\Program Files\\OpenNI2\\Include\\', 'OPEN_NI_INSTALL_PATH64': 'C:\\Program Files\\OpenNI\\', 'ASL.LOG': 'Destination=file', 'FP_NO_HOST_CHECK': 'NO', 'WINDIR': 'C:\\Windows', 'HOMEDRIVE': 'C:', 'APPDATA': 'C:\\Users\\Leif\\AppData\\Roaming', 'OMP_NUM_THREADS': '8', 'GTK_BASEPATH': 'C:\\Program Files (x86)\\GtkSharp\\2.12\\', 'SYSTEMDRIVE': 'C:', 'NUMBER_OF_PROCESSORS': '8', 'PROCESSOR_LEVEL': '6', 'PROCESSOR_ARCHITEW6432': 'AMD64', 'COMMONPROGRAMW6432': 'C:\\Program Files\\Common Files', 'OPENNI2_LIB64': 'C:\\Program Files\\OpenNI2\\Lib\\', 'PUBLIC': 'C:\\Users\\Public', 'REME_ROOT_DIRECTORY': 'C:\\Program Files (x86)\\Profactor\\ReconstructMeSDK\\2.1.845\\'}
Downloading/unpacking mock==1.0.1 (from -r requirements.txt (line 1))
  Running setup.py (path:C:\Users\Leif\PyCharmProjects\pygame\.tox\pygame2-py27\build\mock\setup.py) egg_info for package mock
    
    warning: no files found matching '*.png' under directory 'docs'
    warning: no files found matching '*.css' under directory 'docs'
    warning: no files found matching '*.html' under directory 'docs'
    warning: no files found matching '*.js' under directory 'docs'
Downloading/unpacking Jinja2==2.7.3 (from -r requirements.txt (line 2))
  Running setup.py (path:C:\Users\Leif\PyCharmProjects\pygame\.tox\pygame2-py27\build\Jinja2\setup.py) egg_info for package Jinja2
    
    warning: no files found matching '*' under directory 'custom_fixers'
    warning: no previously-included files matching '*' found under directory 'docs\_build'
    warning: no previously-included files matching '*.pyc' found under directory 'jinja2'
    warning: no previously-included files matching '*.pyc' found under directory 'docs'
    warning: no previously-included files matching '*.pyo' found under directory 'jinja2'
    warning: no previously-included files matching '*.pyo' found under directory 'docs'
Downloading/unpacking MarkupSafe==0.23 (from -r requirements.txt (line 3))
  Downloading MarkupSafe-0.23.tar.gz
  Running setup.py (path:C:\Users\Leif\PyCharmProjects\pygame\.tox\pygame2-py27\build\MarkupSafe\setup.py) egg_info for package MarkupSafe
    
Downloading/unpacking Pygments==1.6 (from -r requirements.txt (line 4))
  Running setup.py (path:C:\Users\Leif\PyCharmProjects\pygame\.tox\pygame2-py27\build\Pygments\setup.py) egg_info for package Pygments
    
Downloading/unpacking Sphinx==1.2.3 (from -r requirements.txt (line 5))
Downloading/unpacking argparse==1.2.1 (from -r requirements.txt (line 6))
  Running setup.py (path:C:\Users\Leif\PyCharmProjects\pygame\.tox\pygame2-py27\build\argparse\setup.py) egg_info for package argparse
    
    warning: no previously-included files matching '*.pyc' found anywhere in distribution
    warning: no previously-included files matching '*.pyo' found anywhere in distribution
    warning: no previously-included files matching '*.orig' found anywhere in distribution
    warning: no previously-included files matching '*.rej' found anywhere in distribution
    no previously-included directories found matching 'doc\_build'
    no previously-included directories found matching 'env24'
    no previously-included directories found matching 'env25'
    no previously-included directories found matching 'env26'
    no previously-included directories found matching 'env27'
Downloading/unpacking cov-core==1.14.0 (from -r requirements.txt (line 7))
  Downloading cov-core-1.14.0.tar.gz
  Running setup.py (path:C:\Users\Leif\PyCharmProjects\pygame\.tox\pygame2-py27\build\cov-core\setup.py) egg_info for package cov-core
    
Downloading/unpacking coverage==3.7.1 (from -r requirements.txt (line 8))
Downloading/unpacking docutils==0.12 (from -r requirements.txt (line 9))
  Running setup.py (path:C:\Users\Leif\PyCharmProjects\pygame\.tox\pygame2-py27\build\docutils\setup.py) egg_info for package docutils
    
    warning: no files found matching 'MANIFEST'
    warning: no files found matching '*' under directory 'extras'
    warning: no previously-included files matching '.cvsignore' found under directory '*'
    warning: no previously-included files matching '*.pyc' found under directory '*'
    warning: no previously-included files matching '*~' found under directory '*'
    warning: no previously-included files matching '.DS_Store' found under directory '*'
Downloading/unpacking nose==1.3.4 (from -r requirements.txt (line 10))
  Running setup.py (path:C:\Users\Leif\PyCharmProjects\pygame\.tox\pygame2-py27\build\nose\setup.py) egg_info for package nose
    
    no previously-included directories found matching 'doc\.build'
Downloading/unpacking nose-cov==1.6 (from -r requirements.txt (line 11))
  Downloading nose-cov-1.6.tar.gz
  Running setup.py (path:C:\Users\Leif\PyCharmProjects\pygame\.tox\pygame2-py27\build\nose-cov\setup.py) egg_info for package nose-cov
    
Downloading/unpacking pyglet==1.1.4 (from -r requirements.txt (line 12))
  Running setup.py (path:C:\Users\Leif\PyCharmProjects\pygame\.tox\pygame2-py27\build\pyglet\setup.py) egg_info for package pyglet
    
Downloading/unpacking wsgiref==0.1.2 (from -r requirements.txt (line 13))
  Downloading wsgiref-0.1.2.zip
  Running setup.py (path:C:\Users\Leif\PyCharmProjects\pygame\.tox\pygame2-py27\build\wsgiref\setup.py) egg_info for package wsgiref
    
Downloading/unpacking Pillow==2.6.1 (from -r requirements.txt (line 14))
Installing collected packages: mock, Jinja2, MarkupSafe, Pygments, Sphinx, argparse, cov-core, coverage, docutils, nose, nose-cov, pyglet, wsgiref, Pillow
  Running setup.py install for mock
    
    warning: no files found matching '*.png' under directory 'docs'
    warning: no files found matching '*.css' under directory 'docs'
    warning: no files found matching '*.html' under directory 'docs'
    warning: no files found matching '*.js' under directory 'docs'
  Running setup.py install for Jinja2
    
    warning: no files found matching '*' under directory 'custom_fixers'
    warning: no previously-included files matching '*' found under directory 'docs\_build'
    warning: no previously-included files matching '*.pyc' found under directory 'jinja2'
    warning: no previously-included files matching '*.pyc' found under directory 'docs'
    warning: no previously-included files matching '*.pyo' found under directory 'jinja2'
    warning: no previously-included files matching '*.pyo' found under directory 'docs'
  Running setup.py install for MarkupSafe
    
    building 'markupsafe._speedups' extension
    ==========================================================================
    WARNING: The C extension could not be compiled, speedups are not enabled.
    Failure information, if any, is above.
    Retrying the build without the C extension now.
    
    
    ==========================================================================
    WARNING: The C extension could not be compiled, speedups are not enabled.
    Plain-Python installation succeeded.
    ==========================================================================
  Running setup.py install for Pygments
    
    Installing pygmentize-script.py script to C:\Users\Leif\PyCharmProjects\pygame\.tox\pygame2-py27\Scripts
    Installing pygmentize.exe script to C:\Users\Leif\PyCharmProjects\pygame\.tox\pygame2-py27\Scripts
    Installing pygmentize.exe.manifest script to C:\Users\Leif\PyCharmProjects\pygame\.tox\pygame2-py27\Scripts
  Running setup.py install for argparse
    
    warning: no previously-included files matching '*.pyc' found anywhere in distribution
    warning: no previously-included files matching '*.pyo' found anywhere in distribution
    warning: no previously-included files matching '*.orig' found anywhere in distribution
    warning: no previously-included files matching '*.rej' found anywhere in distribution
    no previously-included directories found matching 'doc\_build'
    no previously-included directories found matching 'env24'
    no previously-included directories found matching 'env25'
    no previously-included directories found matching 'env26'
    no previously-included directories found matching 'env27'
  Running setup.py install for cov-core
    
    
    Wrote pth file for subprocess measurement to C:\Users\Leif\PyCharmProjects\pygame\.tox\pygame2-py27\lib\site-packages\init_cov_core.pth
  Running setup.py install for docutils
    
    warning: no files found matching 'MANIFEST'
    warning: no files found matching '*' under directory 'extras'
    warning: no previously-included files matching '.cvsignore' found under directory '*'
    warning: no previously-included files matching '*.pyc' found under directory '*'
    warning: no previously-included files matching '*~' found under directory '*'
    warning: no previously-included files matching '.DS_Store' found under directory '*'
  Running setup.py install for nose
    
    no previously-included directories found matching 'doc\.build'
    Installing nosetests-2.7-script.py script to C:\Users\Leif\PyCharmProjects\pygame\.tox\pygame2-py27\Scripts
    Installing nosetests-2.7.exe script to C:\Users\Leif\PyCharmProjects\pygame\.tox\pygame2-py27\Scripts
    Installing nosetests-2.7.exe.manifest script to C:\Users\Leif\PyCharmProjects\pygame\.tox\pygame2-py27\Scripts
    Installing nosetests-script.py script to C:\Users\Leif\PyCharmProjects\pygame\.tox\pygame2-py27\Scripts
    Installing nosetests.exe script to C:\Users\Leif\PyCharmProjects\pygame\.tox\pygame2-py27\Scripts
    Installing nosetests.exe.manifest script to C:\Users\Leif\PyCharmProjects\pygame\.tox\pygame2-py27\Scripts
  Running setup.py install for nose-cov
    
  Running setup.py install for pyglet
    
  Running setup.py install for wsgiref
    
Successfully installed mock Jinja2 MarkupSafe Pygments Sphinx argparse cov-core coverage docutils nose nose-cov pyglet wsgiref Pillow
Cleaning up...
